<?xml version="1.0" encoding="utf-8"?><testsuites name="pytest tests"><testsuite name="pytest" errors="0" failures="0" skipped="0" tests="8" time="1.624" timestamp="2026-02-17T14:48:07.772164+00:00" hostname="agent-env-3c1ae476-0bac-4c23-90de-5ffe8f7b3048"><testcase classname="backend.tests.test_cybersentinelle.TestHealthEndpoint" name="test_health_check" time="0.213" /><testcase classname="backend.tests.test_cybersentinelle.TestDatasetEndpoints" name="test_dataset_info" time="0.194" /><testcase classname="backend.tests.test_cybersentinelle.TestDatasetEndpoints" name="test_dataset_eda" time="0.200" /><testcase classname="backend.tests.test_cybersentinelle.TestModelEndpoints" name="test_model_metrics" time="0.197" /><testcase classname="backend.tests.test_cybersentinelle.TestPredictionEndpoint" name="test_predict_normal_traffic" time="0.194" /><testcase classname="backend.tests.test_cybersentinelle.TestPredictionEndpoint" name="test_predict_attack_traffic" time="0.185" /><testcase classname="backend.tests.test_cybersentinelle.TestClusteringEndpoints" name="test_clustering_results" time="0.185" /><testcase classname="backend.tests.test_cybersentinelle.TestMonitorEndpoint" name="test_monitor_traffic" time="0.155" /></testsuite></testsuites>